{
  "stats": {
    "suites": 1,
    "tests": 3,
    "passes": 3,
    "pending": 0,
    "failures": 0,
    "start": "2023-01-22T13:37:59.046Z",
    "end": "2023-01-22T13:38:11.496Z",
    "duration": 12450,
    "testsRegistered": 3,
    "passPercent": 100,
    "pendingPercent": 0,
    "other": 0,
    "hasOther": false,
    "skipped": 0,
    "hasSkipped": false
  },
  "results": [
    {
      "uuid": "9ae11ba6-49a0-4938-8bbd-052f71d178fc",
      "title": "",
      "fullFile": "cypress\\e2e\\AluraPic\\alura-busca.cy.js",
      "file": "cypress\\e2e\\AluraPic\\alura-busca.cy.js",
      "beforeHooks": [],
      "afterHooks": [],
      "tests": [],
      "suites": [
        {
          "uuid": "0825042e-01f0-49aa-8b62-f33d506e3ba0",
          "title": "Alura Fotos ",
          "fullFile": "",
          "file": "",
          "beforeHooks": [],
          "afterHooks": [],
          "tests": [
            {
              "title": "Registrar novo usuário geraltrivia",
              "fullTitle": "Alura Fotos  Registrar novo usuário geraltrivia",
              "timedOut": null,
              "duration": 4859,
              "state": "passed",
              "speed": "fast",
              "pass": true,
              "fail": false,
              "pending": false,
              "context": null,
              "code": "cy.contains(\"a\", \"Register now\").click();\ncy.contains(\"button\", \"Register\").click();\ncy.get('input[formcontrolname=\"email\"]').type(usuario.email);\ncy.get('input[formcontrolname=\"fullName\"]').type(usuario.fullName);\ncy.get('input[formcontrolname=\"userName\"]').type(usuario.userName);\ncy.get('input[formcontrolname=\"password\"]').type(usuario.password);\ncy.contains(\"button\", \"Register\").click();",
              "err": {},
              "uuid": "33a51c5f-40f8-492b-89fe-acf6e7f65678",
              "parentUUID": "0825042e-01f0-49aa-8b62-f33d506e3ba0",
              "isHook": false,
              "skipped": false
            },
            {
              "title": "Registrar novo usuário geraltrivia1",
              "fullTitle": "Alura Fotos  Registrar novo usuário geraltrivia1",
              "timedOut": null,
              "duration": 2363,
              "state": "passed",
              "speed": "fast",
              "pass": true,
              "fail": false,
              "pending": false,
              "context": null,
              "code": "cy.contains(\"a\", \"Register now\").click();\ncy.contains(\"button\", \"Register\").click();\ncy.get('input[formcontrolname=\"email\"]').type(usuario.email);\ncy.get('input[formcontrolname=\"fullName\"]').type(usuario.fullName);\ncy.get('input[formcontrolname=\"userName\"]').type(usuario.userName);\ncy.get('input[formcontrolname=\"password\"]').type(usuario.password);\ncy.contains(\"button\", \"Register\").click();",
              "err": {},
              "uuid": "f33236f9-fe37-499e-b0a6-bb4a984f4b2d",
              "parentUUID": "0825042e-01f0-49aa-8b62-f33d506e3ba0",
              "isHook": false,
              "skipped": false
            },
            {
              "title": "Registrar novo usuário geraltrivia2",
              "fullTitle": "Alura Fotos  Registrar novo usuário geraltrivia2",
              "timedOut": null,
              "duration": 2947,
              "state": "passed",
              "speed": "fast",
              "pass": true,
              "fail": false,
              "pending": false,
              "context": null,
              "code": "cy.contains(\"a\", \"Register now\").click();\ncy.contains(\"button\", \"Register\").click();\ncy.get('input[formcontrolname=\"email\"]').type(usuario.email);\ncy.get('input[formcontrolname=\"fullName\"]').type(usuario.fullName);\ncy.get('input[formcontrolname=\"userName\"]').type(usuario.userName);\ncy.get('input[formcontrolname=\"password\"]').type(usuario.password);\ncy.contains(\"button\", \"Register\").click();",
              "err": {},
              "uuid": "e05e74bf-e53a-4c61-9ce3-8835ac984eca",
              "parentUUID": "0825042e-01f0-49aa-8b62-f33d506e3ba0",
              "isHook": false,
              "skipped": false
            }
          ],
          "suites": [],
          "passes": [
            "33a51c5f-40f8-492b-89fe-acf6e7f65678",
            "f33236f9-fe37-499e-b0a6-bb4a984f4b2d",
            "e05e74bf-e53a-4c61-9ce3-8835ac984eca"
          ],
          "failures": [],
          "pending": [],
          "skipped": [],
          "duration": 10169,
          "root": false,
          "rootEmpty": false,
          "_timeout": 2000
        }
      ],
      "passes": [],
      "failures": [],
      "pending": [],
      "skipped": [],
      "duration": 0,
      "root": true,
      "rootEmpty": true,
      "_timeout": 2000
    }
  ],
  "meta": {
    "mocha": {
      "version": "7.0.1"
    },
    "mochawesome": {
      "options": {
        "quiet": false,
        "reportFilename": "mochawesome",
        "saveHtml": true,
        "saveJson": true,
        "consoleReporter": "spec",
        "useInlineDiffs": false,
        "code": true
      },
      "version": "7.1.3"
    },
    "marge": {
      "options": null,
      "version": "6.2.0"
    }
  }
}